<?xml version="1.0" encoding="UTF-8"?>
<!-- Generated by org.testng.reporters.JUnitXMLReporter -->
<testsuite ignored="0" hostname="MACs-MacBook-Pro.local" failures="1" tests="1" name="Test" time="29.309" errors="0" timestamp="2023-12-27T01:09:12 WAT">
  <testcase classname="com.betika.base.BaseTest" name="@AfterMethod setUpDriver" time="-1.703635752212E9">
    <failure type="org.testng.TestNGException" message="
Can inject only one of &amp;lt;ITestContext, XmlTest, Method, Object[], ITestResult&amp;gt; into a @AfterMethod annotated setUpDriver.
For more information on native dependency injection please refer to https://testng.org/doc/documentation-main.html#native-dependency-injection">
      <![CDATA[org.testng.TestNGException: 
Can inject only one of <ITestContext, XmlTest, Method, Object[], ITestResult> into a @AfterMethod annotated setUpDriver.
For more information on native dependency injection please refer to https://testng.org/doc/documentation-main.html#native-dependency-injection
at java.base/java.util.ArrayList.forEach(ArrayList.java:1511)
... Removed 29 stack frames]]>
    </failure>
  </testcase> <!-- @AfterMethod setUpDriver -->
  <testcase classname="com.betika.base.BaseTest" name="@AfterClass afterTestMethod" time="0.0">
    <skipped/>
  </testcase> <!-- @AfterClass afterTestMethod -->
  <testcase classname="com.betika.testCases.TestBetPlacement" name="TestBetPlacements" time="5.857">
    <failure type="org.openqa.selenium.ElementClickInterceptedException" message="element click intercepted: Element &amp;lt;button class=&amp;quot;button account__payments__submit betslip__details__button__place button button__primary full bold&amp;quot; amount=&amp;quot;10&amp;quot; possiblewin=&amp;quot;653.41&amp;quot; totalodds=&amp;quot;73.5&amp;quot; bonus=&amp;quot;0&amp;quot; points=&amp;quot;0&amp;quot; numberofbets=&amp;quot;3&amp;quot; type=&amp;quot;normal&amp;quot;&amp;gt;...&amp;lt;/button&amp;gt; is not clickable at point (1083, 672). Other element would receive the click: &amp;lt;div data-v-7f86dad8=&amp;quot;&amp;quot; class=&amp;quot;modal modal__mask&amp;quot;&amp;gt;...&amp;lt;/div&amp;gt;
  (Session info: chrome=120.0.6099.129)
Build info: version: &amp;apos;4.9.0&amp;apos;, revision: &amp;apos;d7057100a6&amp;apos;
System info: os.name: &amp;apos;Mac OS X&amp;apos;, os.arch: &amp;apos;x86_64&amp;apos;, os.version: &amp;apos;11.0.1&amp;apos;, java.version: &amp;apos;17.0.5&amp;apos;
Driver info: org.openqa.selenium.chrome.ChromeDriver
Command: [33f2b5abb6b12fa2b86f0aaee8f2b440, clickElement {id=49726E468E372FFCD96CFA3775382655_element_178}]
Capabilities {acceptInsecureCerts: false, browserName: chrome, browserVersion: 120.0.6099.129, chrome: {chromedriverVersion: 120.0.6099.109 (3419140ab66..., userDataDir: /var/folders/1x/xwmw393n6rl...}, fedcm:accounts: true, goog:chromeOptions: {debuggerAddress: localhost:64194}, networkConnectionEnabled: false, pageLoadStrategy: normal, platformName: MAC, proxy: Proxy(), se:cdp: ws://localhost:64194/devtoo..., se:cdpVersion: 120.0.6099.129, setWindowRect: true, strictFileInteractability: false, timeouts: {implicit: 0, pageLoad: 300000, script: 30000}, unhandledPromptBehavior: dismiss and notify, webauthn:extension:credBlob: true, webauthn:extension:largeBlob: true, webauthn:extension:minPinLength: true, webauthn:extension:prf: true, webauthn:virtualAuthenticators: true}
Element: [[ChromeDriver: chrome on MAC (33f2b5abb6b12fa2b86f0aaee8f2b440)] -&amp;gt; xpath: (//button[@type=&amp;apos;normal&amp;apos;])[1]]
Session ID: 33f2b5abb6b12fa2b86f0aaee8f2b440">
      <![CDATA[org.openqa.selenium.ElementClickInterceptedException: element click intercepted: Element <button class="button account__payments__submit betslip__details__button__place button button__primary full bold" amount="10" possiblewin="653.41" totalodds="73.5" bonus="0" points="0" numberofbets="3" type="normal">...</button> is not clickable at point (1083, 672). Other element would receive the click: <div data-v-7f86dad8="" class="modal modal__mask">...</div>
  (Session info: chrome=120.0.6099.129)
Build info: version: '4.9.0', revision: 'd7057100a6'
System info: os.name: 'Mac OS X', os.arch: 'x86_64', os.version: '11.0.1', java.version: '17.0.5'
Driver info: org.openqa.selenium.chrome.ChromeDriver
Command: [33f2b5abb6b12fa2b86f0aaee8f2b440, clickElement {id=49726E468E372FFCD96CFA3775382655_element_178}]
Capabilities {acceptInsecureCerts: false, browserName: chrome, browserVersion: 120.0.6099.129, chrome: {chromedriverVersion: 120.0.6099.109 (3419140ab66..., userDataDir: /var/folders/1x/xwmw393n6rl...}, fedcm:accounts: true, goog:chromeOptions: {debuggerAddress: localhost:64194}, networkConnectionEnabled: false, pageLoadStrategy: normal, platformName: MAC, proxy: Proxy(), se:cdp: ws://localhost:64194/devtoo..., se:cdpVersion: 120.0.6099.129, setWindowRect: true, strictFileInteractability: false, timeouts: {implicit: 0, pageLoad: 300000, script: 30000}, unhandledPromptBehavior: dismiss and notify, webauthn:extension:credBlob: true, webauthn:extension:largeBlob: true, webauthn:extension:minPinLength: true, webauthn:extension:prf: true, webauthn:virtualAuthenticators: true}
Element: [[ChromeDriver: chrome on MAC (33f2b5abb6b12fa2b86f0aaee8f2b440)] -> xpath: (//button[@type='normal'])[1]]
Session ID: 33f2b5abb6b12fa2b86f0aaee8f2b440
at org.openqa.selenium.remote.codec.w3c.W3CHttpResponseCodec.createException(W3CHttpResponseCodec.java:200)
at org.openqa.selenium.remote.codec.w3c.W3CHttpResponseCodec.decode(W3CHttpResponseCodec.java:133)
at org.openqa.selenium.remote.codec.w3c.W3CHttpResponseCodec.decode(W3CHttpResponseCodec.java:53)
at org.openqa.selenium.remote.HttpCommandExecutor.execute(HttpCommandExecutor.java:193)
at org.openqa.selenium.remote.service.DriverCommandExecutor.invokeExecute(DriverCommandExecutor.java:183)
at org.openqa.selenium.remote.service.DriverCommandExecutor.execute(DriverCommandExecutor.java:158)
at org.openqa.selenium.remote.RemoteWebDriver.execute(RemoteWebDriver.java:543)
at org.openqa.selenium.remote.RemoteWebElement.execute(RemoteWebElement.java:257)
at org.openqa.selenium.remote.RemoteWebElement.click(RemoteWebElement.java:78)
at com.betika.pageEvents.DashboardPageEvents.enterAmountAndPlaceBet(DashboardPageEvents.java:47)
at com.betika.testCases.TestBetPlacement.TestBetPlacements(TestBetPlacement.java:23)
at java.base/java.util.ArrayList.forEach(ArrayList.java:1511)
... Removed 32 stack frames]]>
    </failure>
  </testcase> <!-- TestBetPlacements -->
</testsuite> <!-- Test -->
